<?xml version="1.0" encoding="UTF-8"?>
<coverage generated="1779537131085" clover="3.2.0">
  <project timestamp="1779537131086" name="All files">
    <metrics statements="28" coveredstatements="23" conditionals="12" coveredconditionals="12" methods="8" coveredmethods="7" elements="48" coveredelements="42" complexity="0" loc="28" ncloc="28" packages="1" files="2" classes="2"/>
    <file name="Button.jsx" path="C:\Users\MarinaTschirky\IdeaProjects\privat\wiss\m294\wiss-quiz\src\components\Button.jsx">
      <metrics statements="1" coveredstatements="1" conditionals="0" coveredconditionals="0" methods="1" coveredmethods="1"/>
      <line num="2" count="48" type="stmt"/>
    </file>
    <file name="GameSession.jsx" path="C:\Users\MarinaTschirky\IdeaProjects\privat\wiss\m294\wiss-quiz\src\components\GameSession.jsx">
      <metrics statements="27" coveredstatements="22" conditionals="12" coveredconditionals="12" methods="7" coveredmethods="6"/>
      <line num="5" count="12" type="stmt"/>
      <line num="6" count="12" type="stmt"/>
      <line num="7" count="12" type="stmt"/>
      <line num="8" count="12" type="stmt"/>
      <line num="9" count="12" type="stmt"/>
      <line num="11" count="12" type="stmt"/>
      <line num="12" count="12" type="stmt"/>
      <line num="14" count="12" type="stmt"/>
      <line num="15" count="5" type="stmt"/>
      <line num="17" count="5" type="cond" truecount="2" falsecount="0"/>
      <line num="18" count="4" type="stmt"/>
      <line num="19" count="4" type="stmt"/>
      <line num="21" count="1" type="stmt"/>
      <line num="26" count="1" type="stmt"/>
      <line num="27" count="1" type="stmt"/>
      <line num="28" count="1" type="stmt"/>
      <line num="32" count="1" type="stmt"/>
      <line num="36" count="0" type="stmt"/>
      <line num="37" count="0" type="stmt"/>
      <line num="38" count="0" type="stmt"/>
      <line num="39" count="0" type="stmt"/>
      <line num="40" count="0" type="stmt"/>
      <line num="43" count="12" type="cond" truecount="2" falsecount="0"/>
      <line num="44" count="1" type="stmt"/>
      <line num="53" count="11" type="stmt"/>
      <line num="60" count="42" type="stmt"/>
      <line num="63" count="5" type="stmt"/>
    </file>
  </project>
</coverage>
