{"C:\\Users\\MarinaTschirky\\IdeaProjects\\privat\\wiss\\m294\\wiss-quiz\\src\\components\\Button.jsx": {"path":"C:\\Users\\MarinaTschirky\\IdeaProjects\\privat\\wiss\\m294\\wiss-quiz\\src\\components\\Button.jsx","statementMap":{"0":{"start":{"line":2,"column":2},"end":{"line":5,"column":null}}},"fnMap":{"0":{"name":"Button","decl":{"start":{"line":1,"column":9},"end":{"line":1,"column":16}},"loc":{"start":{"line":1,"column":45},"end":{"line":7,"column":null}},"line":1}},"branchMap":{},"s":{"0":48},"f":{"0":48},"b":{},"meta":{"lastBranch":0,"lastFunction":1,"lastStatement":1,"seen":{"f:1:9:1:16":0,"s:2:2:5:Infinity":0}}}
,"C:\\Users\\MarinaTschirky\\IdeaProjects\\privat\\wiss\\m294\\wiss-quiz\\src\\components\\GameSession.jsx": {"path":"C:\\Users\\MarinaTschirky\\IdeaProjects\\privat\\wiss\\m294\\wiss-quiz\\src\\components\\GameSession.jsx","statementMap":{"0":{"start":{"line":5,"column":24},"end":{"line":5,"column":null}},"1":{"start":{"line":6,"column":19},"end":{"line":6,"column":null}},"2":{"start":{"line":7,"column":16},"end":{"line":7,"column":null}},"3":{"start":{"line":8,"column":21},"end":{"line":8,"column":null}},"4":{"start":{"line":9,"column":20},"end":{"line":9,"column":null}},"5":{"start":{"line":11,"column":26},"end":{"line":11,"column":null}},"6":{"start":{"line":12,"column":25},"end":{"line":12,"column":null}},"7":{"start":{"line":14,"column":8},"end":{"line":23,"column":null}},"8":{"start":{"line":15,"column":4},"end":{"line":15,"column":null}},"9":{"start":{"line":17,"column":4},"end":{"line":22,"column":null}},"10":{"start":{"line":18,"column":6},"end":{"line":18,"column":null}},"11":{"start":{"line":19,"column":6},"end":{"line":19,"column":null}},"12":{"start":{"line":21,"column":6},"end":{"line":21,"column":null}},"13":{"start":{"line":26,"column":4},"end":{"line":26,"column":null}},"14":{"start":{"line":27,"column":4},"end":{"line":27,"column":null}},"15":{"start":{"line":28,"column":4},"end":{"line":28,"column":null}},"16":{"start":{"line":32,"column":4},"end":{"line":32,"column":null}},"17":{"start":{"line":36,"column":4},"end":{"line":36,"column":null}},"18":{"start":{"line":37,"column":4},"end":{"line":37,"column":null}},"19":{"start":{"line":38,"column":4},"end":{"line":38,"column":null}},"20":{"start":{"line":39,"column":4},"end":{"line":39,"column":null}},"21":{"start":{"line":40,"column":4},"end":{"line":40,"column":null}},"22":{"start":{"line":43,"column":2},"end":{"line":51,"column":null}},"23":{"start":{"line":44,"column":2},"end":{"line":49,"column":null}},"24":{"start":{"line":53,"column":2},"end":{"line":77,"column":null}},"25":{"start":{"line":60,"column":10},"end":{"line":65,"column":null}},"26":{"start":{"line":63,"column":27},"end":{"line":63,"column":null}}},"fnMap":{"0":{"name":"GameSession","decl":{"start":{"line":4,"column":9},"end":{"line":4,"column":21}},"loc":{"start":{"line":4,"column":36},"end":{"line":79,"column":null}},"line":4},"1":{"name":"(anonymous_1)","decl":{"start":{"line":14,"column":8},"end":{"line":14,"column":29}},"loc":{"start":{"line":14,"column":48},"end":{"line":23,"column":null}},"line":14},"2":{"name":"handleNext","decl":{"start":{"line":25,"column":11},"end":{"line":25,"column":24}},"loc":{"start":{"line":25,"column":24},"end":{"line":29,"column":null}},"line":25},"3":{"name":"handleEndGame","decl":{"start":{"line":31,"column":11},"end":{"line":31,"column":27}},"loc":{"start":{"line":31,"column":27},"end":{"line":33,"column":null}},"line":31},"4":{"name":"resetGame","decl":{"start":{"line":35,"column":11},"end":{"line":35,"column":23}},"loc":{"start":{"line":35,"column":23},"end":{"line":41,"column":null}},"line":35},"5":{"name":"(anonymous_5)","decl":{"start":{"line":59,"column":33},"end":{"line":59,"column":38}},"loc":{"start":{"line":60,"column":10},"end":{"line":65,"column":null}},"line":60},"6":{"name":"(anonymous_6)","decl":{"start":{"line":63,"column":12},"end":{"line":63,"column":27}},"loc":{"start":{"line":63,"column":27},"end":{"line":63,"column":null}},"line":63}},"branchMap":{"0":{"loc":{"start":{"line":17,"column":4},"end":{"line":22,"column":null}},"type":"if","locations":[{"start":{"line":17,"column":4},"end":{"line":22,"column":null}},{"start":{"line":20,"column":11},"end":{"line":22,"column":null}}],"line":17},"1":{"loc":{"start":{"line":43,"column":2},"end":{"line":51,"column":null}},"type":"if","locations":[{"start":{"line":43,"column":2},"end":{"line":51,"column":null}},{"start":{},"end":{}}],"line":43},"2":{"loc":{"start":{"line":69,"column":7},"end":{"line":69,"column":null}},"type":"binary-expr","locations":[{"start":{"line":69,"column":7},"end":{"line":69,"column":19}},{"start":{"line":69,"column":19},"end":{"line":69,"column":null}}],"line":69},"3":{"loc":{"start":{"line":70,"column":7},"end":{"line":71,"column":null}},"type":"binary-expr","locations":[{"start":{"line":70,"column":7},"end":{"line":70,"column":21}},{"start":{"line":70,"column":21},"end":{"line":70,"column":null}},{"start":{"line":71,"column":8},"end":{"line":71,"column":null}}],"line":70},"4":{"loc":{"start":{"line":73,"column":7},"end":{"line":74,"column":null}},"type":"binary-expr","locations":[{"start":{"line":73,"column":7},"end":{"line":73,"column":21}},{"start":{"line":73,"column":21},"end":{"line":73,"column":null}},{"start":{"line":74,"column":8},"end":{"line":74,"column":null}}],"line":73}},"s":{"0":12,"1":12,"2":12,"3":12,"4":12,"5":12,"6":12,"7":12,"8":5,"9":5,"10":4,"11":4,"12":1,"13":1,"14":1,"15":1,"16":1,"17":0,"18":0,"19":0,"20":0,"21":0,"22":12,"23":1,"24":11,"25":42,"26":5},"f":{"0":12,"1":5,"2":1,"3":1,"4":0,"5":42,"6":5},"b":{"0":[4,1],"1":[1,11],"2":[11,5],"3":[12,5,4],"4":[12,5,1]},"meta":{"lastBranch":5,"lastFunction":7,"lastStatement":27,"seen":{"f:4:9:4:21":0,"s:5:24:5:Infinity":0,"s:6:19:6:Infinity":1,"s:7:16:7:Infinity":2,"s:8:21:8:Infinity":3,"s:9:20:9:Infinity":4,"s:11:26:11:Infinity":5,"s:12:25:12:Infinity":6,"s:14:8:23:Infinity":7,"f:14:8:14:29":1,"s:15:4:15:Infinity":8,"b:17:4:22:Infinity:20:11:22:Infinity":0,"s:17:4:22:Infinity":9,"s:18:6:18:Infinity":10,"s:19:6:19:Infinity":11,"s:21:6:21:Infinity":12,"f:25:11:25:24":2,"s:26:4:26:Infinity":13,"s:27:4:27:Infinity":14,"s:28:4:28:Infinity":15,"f:31:11:31:27":3,"s:32:4:32:Infinity":16,"f:35:11:35:23":4,"s:36:4:36:Infinity":17,"s:37:4:37:Infinity":18,"s:38:4:38:Infinity":19,"s:39:4:39:Infinity":20,"s:40:4:40:Infinity":21,"b:43:2:51:Infinity:undefined:undefined:undefined:undefined":1,"s:43:2:51:Infinity":22,"s:44:2:49:Infinity":23,"s:53:2:77:Infinity":24,"f:59:33:59:38":5,"s:60:10:65:Infinity":25,"f:63:12:63:27":6,"s:63:27:63:Infinity":26,"b:69:7:69:19:69:19:69:Infinity":2,"b:70:7:70:21:70:21:70:Infinity:71:8:71:Infinity":3,"b:73:7:73:21:73:21:73:Infinity:74:8:74:Infinity":4}}}
}
